Arguments: 
  C:\Program Files\nodejs\node.exe C:\Users\kevin\AppData\Roaming\npm\node_modules\yarn\bin\yarn.js install

PATH: 
  C:\Users\kevin\bin;C:\Program Files\Git\mingw64\bin;C:\Program Files\Git\usr\local\bin;C:\Program Files\Git\usr\bin;C:\Program Files\Git\usr\bin;C:\Program Files\Git\mingw64\bin;C:\Program Files\Git\usr\bin;C:\Users\kevin\bin;C:\Program Files (x86)\Common Files\Oracle\Java\javapath;C:\Windows\system32;C:\Windows;C:\Windows\System32\Wbem;C:\Windows\System32\WindowsPowerShell\v1.0;C:\Windows\System32\OpenSSH;C:\Program Files\Git\cmd;C:\Program Files\nodejs;C:\ProgramData\chocolatey\bin;C:\Program Files\MySQL\MySQL Shell 8.0\bin;C:\Users\kevin\AppData\Local\Programs\Python\Python39\Scripts;C:\Users\kevin\AppData\Local\Programs\Python\Python39;C:\Users\kevin\AppData\Local\Microsoft\WindowsApps;C:\Users\kevin\AppData\Local\Programs\Microsoft VS Code\bin;C:\Users\kevin\AppData\Roaming\npm;C:\Program Files\Git\usr\bin\vendor_perl;C:\Program Files\Git\usr\bin\core_perl

Yarn version: 
  1.22.15

Node version: 
  14.17.6

Platform: 
  win32 x64

Trace: 
  Error: https://registry.yarnpkg.com/@fortawesome/free-solid-svg-icons/-/free-solid-svg-icons-5.15.4.tgz: ESOCKETTIMEDOUT
      at ClientRequest.<anonymous> (C:\Users\kevin\AppData\Roaming\npm\node_modules\yarn\lib\cli.js:141512:19)
      at Object.onceWrapper (events.js:519:28)
      at ClientRequest.emit (events.js:400:28)
      at TLSSocket.emitRequestTimeout (_http_client.js:790:9)
      at Object.onceWrapper (events.js:519:28)
      at TLSSocket.emit (events.js:412:35)
      at TLSSocket.Socket._onTimeout (net.js:484:8)
      at listOnTimeout (internal/timers.js:557:17)
      at processTimers (internal/timers.js:500:7)

npm manifest: 
  {
    "name": "gestion-de-proyectos-mintic",
    "version": "0.1.0",
    "private": true,
    "dependencies": {
      "@apollo/client": "^3.4.17",
      "@craco/craco": "^6.4.0",
      "@emotion/react": "^11.7.0",
      "@emotion/styled": "^11.6.0",
      "@fortawesome/fontawesome-svg-core": "^1.2.36",
      "@fortawesome/free-solid-svg-icons": "^5.15.4",
      "@fortawesome/react-fontawesome": "^0.1.16",
      "@material-ui/core": "^4.12.3",
      "@mui/material": "^5.2.2",
      "@testing-library/jest-dom": "^5.11.4",
      "@testing-library/react": "^11.1.0",
      "@testing-library/user-event": "^12.1.10",
      "bootstrap": "^5.1.3",
      "craco-alias": "^3.0.1",
      "fortawesome": "^0.0.1-security",
      "graphql": "^16.0.1",
      "history": "^5.1.0",
      "jwt-decode": "^3.1.2",
      "mdbreact": "^5.2.0",
      "nanoid": "^3.1.30",
      "react": "^17.0.2",
      "react-bootstrap": "^2.0.3",
      "react-bootstrap-validation": "^0.1.11",
      "react-dom": "^17.0.2",
      "react-fontawesome": "^1.7.1",
      "react-icons": "^4.3.1",
      "react-loading": "^2.0.3",
      "react-router-bootstrap": "^0.26.0",
      "react-router-dom": "^6.0.0",
      "react-scripts": "4.0.3",
      "react-toastify": "^8.1.0",
      "reactstrap": "^9.0.1",
      "styled-components": "^5.3.3",
      "web-vitals": "^1.0.1"
    },
    "scripts": {
      "start": "craco start",
      "build": "craco build",
      "test": "craco test",
      "eject": "react-scripts eject"
    },
    "eslintConfig": {
      "extends": [
        "react-app",
        "react-app/jest"
      ]
    },
    "browserslist": {
      "production": [
        ">0.2%",
        "not dead",
        "not op_mini all"
      ],
      "development": [
        "last 1 chrome version",
        "last 1 firefox version",
        "last 1 safari version"
      ]
    },
    "devDependencies": {
      "autoprefixer": "^9",
      "postcss": "^7",
      "tailwindcss": "npm:@tailwindcss/postcss7-compat"
    }
  }

yarn manifest: 
  No manifest

Lockfile: 
  No lockfile
